<?xml version="1.0" encoding="UTF-8"?>
<testsuite xmlns:xsi="http://www.w3.org/2001/XMLSchema-instance" xsi:noNamespaceSchemaLocation="https://maven.apache.org/surefire/maven-surefire-plugin/xsd/surefire-test-report-3.0.xsd" version="3.0" name="com.framed.arn.ReactorInstrumentedTest" time="0.006" tests="2" errors="0" skipped="0" failures="0">
  <properties>
[...]
</properties>
  <testcase name="noFireWithoutNewData" classname="com.framed.arn.ReactorInstrumentedTest" time="0.002"/>
  <testcase name="stricterRuleIsNotFiredSeparatelyInSameEvaluation" classname="com.framed.arn.ReactorInstrumentedTest" time="0.002">
    <system-err><![CDATA[Jun 10, 2026 3:31:58 PM com.framed.arn.Reactor publishPerChannelLatency
WARNING: Timestamp from future: 2026-06-10T13:31:59Z > 2026-06-10T13:31:58.315538874Z
Jun 10, 2026 3:31:58 PM com.framed.arn.Reactor publishGlobalLatency
WARNING: Timestamp from future: 2026-06-10T13:31:59Z > 2026-06-10T13:31:58.315538874Z
Jun 10, 2026 3:31:58 PM com.framed.arn.Reactor publishPerChannelLatency
WARNING: Timestamp from future: 2026-06-10T13:32:00Z > 2026-06-10T13:31:58.316177250Z
Jun 10, 2026 3:31:58 PM com.framed.arn.Reactor publishGlobalLatency
WARNING: Timestamp from future: 2026-06-10T13:32:00Z > 2026-06-10T13:31:58.316177250Z
Jun 10, 2026 3:31:58 PM com.framed.arn.Reactor publishRuleParticipationLatency
WARNING: Timestamp from future: 2026-06-10T13:32:00Z > 2026-06-10T13:31:58.316177250Z
]]></system-err>
  </testcase>
</testsuite>